Arguments: 
  /Users/brent/.nvm/versions/node/v14.18.0/bin/node /usr/local/Cellar/yarn/1.22.10/libexec/bin/yarn.js

PATH: 
  /Users/brent/.nvm/versions/node/v14.18.0/bin:/usr/local/bin:/usr/bin:/bin:/usr/sbin:/sbin:/usr/local/share/dotnet:~/.dotnet/tools:/Library/Apple/usr/bin

Yarn version: 
  1.22.10

Node version: 
  14.18.0

Platform: 
  darwin x64

Trace: 
  SyntaxError: /Users/brent/Documents/hour-logger/package.json: Unexpected token } in JSON at position 462
      at JSON.parse (<anonymous>)
      at /usr/local/Cellar/yarn/1.22.10/libexec/lib/cli.js:1625:59
      at Generator.next (<anonymous>)
      at step (/usr/local/Cellar/yarn/1.22.10/libexec/lib/cli.js:310:30)
      at /usr/local/Cellar/yarn/1.22.10/libexec/lib/cli.js:321:13

npm manifest: 
  {
    "scripts": {
        "prettier:check": "prettier --check .",
        "prettier:write": "prettier --write .",
        "prepare": "husky install"
    },
    "dependencies": {
      "@spotify/prettier-config": "^12.0.0",
      "husky": "^7.0.2",
      "prettier": "^2.4.1"
    },
    "prettier": "@spotify/prettier-config",
    "lint-staged": {
      "*.{js,jsx,ts,tsx}": [
        "eslint --fix",
        "prettier --write"
      ],
      "*.{json,md}": [
        "prettier --write"
      ]
    },
  }

yarn manifest: 
  No manifest

Lockfile: 
  # THIS IS AN AUTOGENERATED FILE. DO NOT EDIT THIS FILE DIRECTLY.
  # yarn lockfile v1
  
  
  husky@^7.0.2:
    version "7.0.2"
    resolved "https://registry.yarnpkg.com/husky/-/husky-7.0.2.tgz#21900da0f30199acca43a46c043c4ad84ae88dff"
    integrity sha512-8yKEWNX4z2YsofXAMT7KvA1g8p+GxtB1ffV8XtpAEGuXNAbCV5wdNKH+qTpw8SM9fh4aMPDR+yQuKfgnreyZlg==
